<?xml version="1.0" encoding="UTF-8" ?>
<testsuites errors="6"
            failures="1"
            tests="1">

  <testsuite name="contactUsTest"
    errors="6" failures="1" hostname="" id="" package="contactUsTest" skipped="0"
    tests="1" time="79.05" timestamp="">
  
    <testcase name="Contact Us Form Test" classname="contactUsTest" time="39.52" assertions="2">

      <failure message="Testing if element &lt;Element [name=@alertDanger]&gt; contains text &#39;Invalid email address.&#39; in 5000ms - expected &#34;contains text &#39;Invalid email address.&#39;&#34; but got: &#34;element could not be located&#34; (5197ms)">    at Contact Us Form Test (/home/aya/Documents/myStore_testing/UI_test/tests/contactUsTest.js:25:15)</failure>

    
    <error message="no such window: target window already closed
from unknown error: web view not found
  (Session info: chrome=121.0.6167.139)" type="error"><![CDATA[
    NoSuchWindowError: no such window: target window already closed
from unknown error: web view not found
  (Session info: chrome=121.0.6167.139)
    at Object.throwDecodedError (/home/aya/Documents/myStore_testing/UI_test/node_modules/selenium-webdriver/lib/error.js:524:15)
    at parseHttpResponse (/home/aya/Documents/myStore_testing/UI_test/node_modules/selenium-webdriver/lib/http.js:601:13)
    at Executor.execute (/home/aya/Documents/myStore_testing/UI_test/node_modules/selenium-webdriver/lib/http.js:529:28)
    at process.processTicksAndRejections (node:internal/process/task_queues:95:5)
    at async Driver.execute (/home/aya/Documents/myStore_testing/UI_test/node_modules/selenium-webdriver/lib/webdriver.js:745:17)
    at async Driver.findElements (/home/aya/Documents/myStore_testing/UI_test/node_modules/selenium-webdriver/lib/webdriver.js:1089:17)
    ]]></error>
    
    </testcase>
  

  
    <system-err>
       NoSuchElementError
   An element could not be located on the page using the given search parameters.

    Try fixing by :
    1. Please inspect the html before the step
    2. Verify if an element with the mentioned selector is present in the DOM tree

    Error location:
    /home/aya/Documents/myStore_testing/UI_test/tests/contactUsTest.js:24
    ––––––––––––––––––––––––––––––––––––––––––––––––––––––––––––––––––––
     22 |     // Test: Invalid form submission (missing required fields)
     23 |     contactUsPage
     24 |       .fillForm(&#34;&#34;, &#34;&#34;, &#34;&#34;, &#34;&#34;) 
     25 |       .assert.containsText(&#34;@alertDanger&#34;, &#34;Invalid email address.&#34;);
     26 | 
    ––––––––––––––––––––––––––––––––––––––––––––––––––––––––––––––––––––

 NoSuchElementError
   An element could not be located on the page using the given search parameters.

    Try fixing by :
    1. Please inspect the html before the step
    2. Verify if an element with the mentioned selector is present in the DOM tree

    Error location:
    /home/aya/Documents/myStore_testing/UI_test/tests/contactUsTest.js:24
    ––––––––––––––––––––––––––––––––––––––––––––––––––––––––––––––––––––
     22 |     // Test: Invalid form submission (missing required fields)
     23 |     contactUsPage
     24 |       .fillForm(&#34;&#34;, &#34;&#34;, &#34;&#34;, &#34;&#34;) 
     25 |       .assert.containsText(&#34;@alertDanger&#34;, &#34;Invalid email address.&#34;);
     26 | 
    ––––––––––––––––––––––––––––––––––––––––––––––––––––––––––––––––––––

 NoSuchElementError
   An element could not be located on the page using the given search parameters.
    {&#34;error&#34;:{&#34;name&#34;:&#34;NoSuchWindowError&#34;,&#34;remoteStacktrace&#34;:&#34;&#34;},&#34;status&#34;:-1,&#34;value&#34;:null}

    Try fixing by :
    1. Please inspect the html before the step
    2. Verify if an element with the mentioned selector is present in the DOM tree

    Error location:
    /home/aya/Documents/myStore_testing/UI_test/tests/contactUsTest.js:24
    ––––––––––––––––––––––––––––––––––––––––––––––––––––––––––––––––––––
     22 |     // Test: Invalid form submission (missing required fields)
     23 |     contactUsPage
     24 |       .fillForm(&#34;&#34;, &#34;&#34;, &#34;&#34;, &#34;&#34;) 
     25 |       .assert.containsText(&#34;@alertDanger&#34;, &#34;Invalid email address.&#34;);
     26 | 
    ––––––––––––––––––––––––––––––––––––––––––––––––––––––––––––––––––––

 NoSuchElementError
   An element could not be located on the page using the given search parameters.
    {&#34;error&#34;:{&#34;name&#34;:&#34;NoSuchWindowError&#34;,&#34;remoteStacktrace&#34;:&#34;&#34;},&#34;status&#34;:-1,&#34;value&#34;:null}

    Try fixing by :
    1. Please inspect the html before the step
    2. Verify if an element with the mentioned selector is present in the DOM tree

    Error location:
    /home/aya/Documents/myStore_testing/UI_test/tests/contactUsTest.js:24
    ––––––––––––––––––––––––––––––––––––––––––––––––––––––––––––––––––––
     22 |     // Test: Invalid form submission (missing required fields)
     23 |     contactUsPage
     24 |       .fillForm(&#34;&#34;, &#34;&#34;, &#34;&#34;, &#34;&#34;) 
     25 |       .assert.containsText(&#34;@alertDanger&#34;, &#34;Invalid email address.&#34;);
     26 | 
    ––––––––––––––––––––––––––––––––––––––––––––––––––––––––––––––––––––

 NoSuchElementError
   An element could not be located on the page using the given search parameters.
    {&#34;error&#34;:{&#34;name&#34;:&#34;NoSuchWindowError&#34;,&#34;remoteStacktrace&#34;:&#34;&#34;},&#34;status&#34;:-1,&#34;value&#34;:null}

    Try fixing by :
    1. Please inspect the html before the step
    2. Verify if an element with the mentioned selector is present in the DOM tree

    Error location:
    /home/aya/Documents/myStore_testing/UI_test/tests/contactUsTest.js:24
    ––––––––––––––––––––––––––––––––––––––––––––––––––––––––––––––––––––
     22 |     // Test: Invalid form submission (missing required fields)
     23 |     contactUsPage
     24 |       .fillForm(&#34;&#34;, &#34;&#34;, &#34;&#34;, &#34;&#34;) 
     25 |       .assert.containsText(&#34;@alertDanger&#34;, &#34;Invalid email address.&#34;);
     26 | 
    ––––––––––––––––––––––––––––––––––––––––––––––––––––––––––––––––––––

 NoSuchWindowError
   no such window: target window already closed
from unknown error: web view not found
  (Session info: chrome=121.0.6167.139)
    </system-err>
  

    

  
  </testsuite>
</testsuites>
