<?xml version="1.0" encoding="UTF-8" ?>
<testsuites errors="2"
            failures="1"
            tests="1">

  <testsuite name="homeTest"
    errors="2" failures="1" hostname="" id="" package="homeTest" skipped="0"
    tests="1" time="95.19" timestamp="">
  
    <testcase name="Search for &#34;Dress&#34; and Verify Product Titles" classname="homeTest" time="47.59" assertions="1">  <failure message="Timed out while waiting for element &lt;.product_list&gt; to be present for 10000 milliseconds. - expected &#34;visible&#34; but got: &#34;not found&#34; (12226ms)">    at Search for &#34;Dress&#34; and Verify Product Titles (/home/aya/Documents/myStore_testing/UI_test/tests/homeTest.js:8:12)</failure>

    
    <error message="Timed out while waiting for element &lt;.product_list&gt; to be present for 10000 milliseconds. - expected [32m&#34;visible&#34;[39m but got: [31m&#34;not found&#34;[39m [90m(12226ms)[39m" type="error"><![CDATA[
    Error
    at Command.executeCommand (/home/aya/Documents/myStore_testing/UI_test/node_modules/nightwatch/lib/page-object/command-wrapper.js:281:22)
    at Page.waitForElementVisible (/home/aya/Documents/myStore_testing/UI_test/node_modules/nightwatch/lib/page-object/command-wrapper.js:86:27)
    at Search for &#34;Dress&#34; and Verify Product Titles (/home/aya/Documents/myStore_testing/UI_test/tests/homeTest.js:8:12)
    at Context.call (/home/aya/Documents/myStore_testing/UI_test/node_modules/nightwatch/lib/testsuite/context.js:509:35)
    at TestCase.run (/home/aya/Documents/myStore_testing/UI_test/node_modules/nightwatch/lib/testsuite/testcase.js:58:31)
    at Runnable.__runFn (/home/aya/Documents/myStore_testing/UI_test/node_modules/nightwatch/lib/testsuite/index.js:839:80)
    at Runnable.run (/home/aya/Documents/myStore_testing/UI_test/node_modules/nightwatch/lib/testsuite/runnable.js:126:21)
    at TestSuite.executeRunnable (/home/aya/Documents/myStore_testing/UI_test/node_modules/nightwatch/lib/testsuite/index.js:1000:49)
    at TestSuite.handleRunnable (/home/aya/Documents/myStore_testing/UI_test/node_modules/nightwatch/lib/testsuite/index.js:1015:33)
    at /home/aya/Documents/myStore_testing/UI_test/node_modules/nightwatch/lib/testsuite/index.js:839:21
    ]]></error>
    
    </testcase>
  

  
    <system-err>
       NoSuchElementError
   An element could not be located on the page using the given search parameters.
    {&#34;error&#34;:{&#34;name&#34;:&#34;WebDriverError&#34;,&#34;remoteStacktrace&#34;:&#34;&#34;},&#34;status&#34;:-1,&#34;value&#34;:null}

    Try fixing by :
    1. Please inspect the html before the step
    2. Verify if an element with the mentioned selector is present in the DOM tree

    Error location:
    /home/aya/Documents/myStore_testing/UI_test/tests/homeTest.js:7
    –––––––––––––––––––––––––––––––––––––––––––––––––––––––––––––––
     5 |       homepage
     6 |           .navigate()
     7 |           .performSearch(&#39;dress&#39;) 
     8 |           .waitForElementVisible(&#39;@searchResultItem&#39;, 10000);
     9 | 
    –––––––––––––––––––––––––––––––––––––––––––––––––––––––––––––––

 NoSuchElementError
   An element could not be located on the page using the given search parameters.
    {&#34;error&#34;:{&#34;name&#34;:&#34;WebDriverError&#34;,&#34;remoteStacktrace&#34;:&#34;&#34;},&#34;status&#34;:-1,&#34;value&#34;:null}

    Try fixing by :
    1. Please inspect the html before the step
    2. Verify if an element with the mentioned selector is present in the DOM tree

    Error location:
    /home/aya/Documents/myStore_testing/UI_test/tests/homeTest.js:7
    –––––––––––––––––––––––––––––––––––––––––––––––––––––––––––––––
     5 |       homepage
     6 |           .navigate()
     7 |           .performSearch(&#39;dress&#39;) 
     8 |           .waitForElementVisible(&#39;@searchResultItem&#39;, 10000);
     9 | 
    –––––––––––––––––––––––––––––––––––––––––––––––––––––––––––––––

    </system-err>
  

    

  
  </testsuite>
</testsuites>
